#
# There is insufficient memory for the Java Runtime Environment to continue.
# Native memory allocation (malloc) failed to allocate 32744 bytes for ChunkPool::allocate
# Possible reasons:
#   The system is out of physical RAM or swap space
#   In 32 bit mode, the process size limit was hit
# Possible solutions:
#   Reduce memory load on the system
#   Increase physical memory or swap space
#   Check if swap backing store is full
#   Use 64 bit Java on a 64 bit OS
#   Decrease Java heap size (-Xmx/-Xms)
#   Decrease number of Java threads
#   Decrease Java thread stack sizes (-Xss)
#   Set larger code cache with -XX:ReservedCodeCacheSize=
# This output file may be truncated or incomplete.
#
#  Out of Memory Error (allocation.cpp:273), pid=16436, tid=0x00000000000056e0
#
# JRE version: Java(TM) SE Runtime Environment (8.0_152-b16) (build 1.8.0_152-b16)
# Java VM: Java HotSpot(TM) 64-Bit Server VM (25.152-b16 mixed mode windows-amd64 compressed oops)
# Failed to write core dump. Minidumps are not enabled by default on client versions of Windows
#

---------------  T H R E A D  ---------------

Current thread (0x000000002843a000):  JavaThread "C2 CompilerThread0" daemon [_thread_in_native, id=22240, stack(0x0000000028b00000,0x0000000028c00000)]

Stack: [0x0000000028b00000,0x0000000028c00000]
[error occurred during error reporting (printing stack bounds), id 0xc0000005]

Native frames: (J=compiled Java code, j=interpreted, Vv=VM code, C=native code)


Current CompileTask:
C2:  29091 6798   !   4       java.io.ObjectInputStream::readObject0 (566 bytes)


---------------  P R O C E S S  ---------------

Java Threads: ( => current thread )
  0x00000000284aa000 JavaThread "task-result-getter-3" daemon [_thread_blocked, id=26032, stack(0x0000000035a80000,0x0000000035b80000)]
  0x00000000284aa800 JavaThread "task-result-getter-2" daemon [_thread_blocked, id=24516, stack(0x0000000035980000,0x0000000035a80000)]
  0x00000000284a9000 JavaThread "task-result-getter-1" daemon [_thread_blocked, id=21188, stack(0x0000000035880000,0x0000000035980000)]
  0x00000000284b0000 JavaThread "block-manager-slave-async-thread-pool-2" daemon [_thread_blocked, id=24412, stack(0x0000000035780000,0x0000000035880000)]
  0x00000000284af000 JavaThread "block-manager-slave-async-thread-pool-1" daemon [_thread_blocked, id=25788, stack(0x0000000035680000,0x0000000035780000)]
  0x00000000284ae800 JavaThread "block-manager-slave-async-thread-pool-0" daemon [_thread_blocked, id=22256, stack(0x0000000035580000,0x0000000035680000)]
  0x00000000284ad800 JavaThread "block-manager-ask-thread-pool-0" daemon [_thread_blocked, id=25176, stack(0x0000000035480000,0x0000000035580000)]
  0x000000002af2b800 JavaThread "task-result-getter-0" daemon [_thread_blocked, id=19336, stack(0x0000000035380000,0x0000000035480000)]
  0x000000002af2a000 JavaThread "Executor task launch worker-0" daemon [_thread_in_Java, id=23688, stack(0x0000000035080000,0x0000000035180000)]
  0x000000002af2a800 JavaThread "org.apache.hadoop.fs.FileSystem$Statistics$StatisticsDataReferenceCleaner" daemon [_thread_blocked, id=17140, stack(0x00000000313f0000,0x00000000314f0000)]
  0x000000002af29000 JavaThread "SparkListenerBus" daemon [_thread_blocked, id=25020, stack(0x000000002f0b0000,0x000000002f1b0000)]
  0x000000002af21000 JavaThread "context-cleaner-periodic-gc" daemon [_thread_blocked, id=24660, stack(0x000000002efb0000,0x000000002f0b0000)]
  0x000000002af27800 JavaThread "Spark Context Cleaner" daemon [_thread_blocked, id=17728, stack(0x000000002ec50000,0x000000002ed50000)]
  0x000000002af20000 JavaThread "shuffle-server-0" daemon [_thread_in_native, id=25012, stack(0x000000002eb50000,0x000000002ec50000)]
  0x000000002af27000 JavaThread "driver-heartbeater" daemon [_thread_blocked, id=3452, stack(0x000000002e850000,0x000000002e950000)]
  0x000000002af1f800 JavaThread "dag-scheduler-event-loop" daemon [_thread_blocked, id=12284, stack(0x000000002e750000,0x000000002e850000)]
  0x000000002af26000 JavaThread "netty-rpc-env-timeout" daemon [_thread_blocked, id=3812, stack(0x000000002e650000,0x000000002e750000)]
  0x000000002af25800 JavaThread "Timer-0" daemon [_thread_blocked, id=21400, stack(0x000000002e550000,0x000000002e650000)]
  0x000000002af1d800 JavaThread "heartbeat-receiver-event-loop-thread" daemon [_thread_blocked, id=19096, stack(0x000000002e450000,0x000000002e550000)]
  0x000000002af21800 JavaThread "SparkUI-56" daemon [_thread_blocked, id=22192, stack(0x000000002e350000,0x000000002e450000)]
  0x000000002af24800 JavaThread "SparkUI-55" daemon [_thread_blocked, id=25444, stack(0x000000002e250000,0x000000002e350000)]
  0x000000002af1d000 JavaThread "SparkUI-54" daemon [_thread_blocked, id=2144, stack(0x000000002e150000,0x000000002e250000)]
  0x000000002af23000 JavaThread "SparkUI-53-acceptor-0@35cf8610-ServerConnector@6d8792db{HTTP/1.1}{0.0.0.0:4040}" daemon [_thread_in_native, id=20500, stack(0x000000002e050000,0x000000002e150000)]
  0x000000002af24000 JavaThread "SparkUI-52-selector-ServerConnectorManager@74d2d3ef/3" daemon [_thread_in_native, id=3192, stack(0x000000002df50000,0x000000002e050000)]
  0x000000002af1c000 JavaThread "SparkUI-51-selector-ServerConnectorManager@74d2d3ef/1" daemon [_thread_in_native, id=24316, stack(0x000000002de50000,0x000000002df50000)]
  0x000000002af1e800 JavaThread "SparkUI-50-selector-ServerConnectorManager@74d2d3ef/2" daemon [_thread_in_native, id=24548, stack(0x000000002dd50000,0x000000002de50000)]
  0x000000002af22800 JavaThread "SparkUI-49-selector-ServerConnectorManager@74d2d3ef/0" daemon [_thread_in_native, id=25736, stack(0x000000002dc50000,0x000000002dd50000)]
  0x000000002ad60800 JavaThread "map-output-dispatcher-7" daemon [_thread_blocked, id=25072, stack(0x000000002d850000,0x000000002d950000)]
  0x000000002ad5f000 JavaThread "map-output-dispatcher-6" daemon [_thread_blocked, id=12524, stack(0x000000002d750000,0x000000002d850000)]
  0x000000002ad5e800 JavaThread "map-output-dispatcher-5" daemon [_thread_blocked, id=3844, stack(0x000000002d650000,0x000000002d750000)]
  0x000000002ad5d800 JavaThread "map-output-dispatcher-4" daemon [_thread_blocked, id=10120, stack(0x000000002d550000,0x000000002d650000)]
  0x000000002ad60000 JavaThread "map-output-dispatcher-3" daemon [_thread_blocked, id=1352, stack(0x000000002d450000,0x000000002d550000)]
  0x000000002ad5d000 JavaThread "map-output-dispatcher-2" daemon [_thread_blocked, id=17972, stack(0x000000002d350000,0x000000002d450000)]
  0x000000002ad63800 JavaThread "map-output-dispatcher-1" daemon [_thread_blocked, id=21244, stack(0x000000002d250000,0x000000002d350000)]
  0x000000002ad63000 JavaThread "map-output-dispatcher-0" daemon [_thread_blocked, id=14412, stack(0x000000002d150000,0x000000002d250000)]
  0x000000002ad62000 JavaThread "shuffle-server-0" daemon [_thread_in_native, id=23692, stack(0x000000002ce50000,0x000000002cf50000)]
  0x000000002ad9b800 JavaThread "dispatcher-event-loop-7" daemon [_thread_blocked, id=19996, stack(0x000000002ca50000,0x000000002cb50000)]
  0x000000002ad97000 JavaThread "dispatcher-event-loop-6" daemon [_thread_blocked, id=24436, stack(0x000000002c850000,0x000000002c950000)]
  0x000000002ad96000 JavaThread "dispatcher-event-loop-5" daemon [_thread_blocked, id=26344, stack(0x000000002c750000,0x000000002c850000)]
  0x000000002ad95800 JavaThread "dispatcher-event-loop-4" daemon [_thread_blocked, id=15480, stack(0x000000002c650000,0x000000002c750000)]
  0x000000002a3ee800 JavaThread "dispatcher-event-loop-3" daemon [_thread_blocked, id=2252, stack(0x000000002c550000,0x000000002c650000)]
  0x000000002a3ec000 JavaThread "dispatcher-event-loop-2" daemon [_thread_blocked, id=15408, stack(0x000000002c450000,0x000000002c550000)]
  0x000000002a3e9800 JavaThread "dispatcher-event-loop-1" daemon [_thread_blocked, id=3288, stack(0x000000002c350000,0x000000002c450000)]
  0x000000002a800000 JavaThread "dispatcher-event-loop-0" daemon [_thread_blocked, id=14708, stack(0x000000002c250000,0x000000002c350000)]
  0x0000000029b14000 JavaThread "ReaderThread" [_thread_in_native, id=14388, stack(0x000000002a8d0000,0x000000002a9d0000)]
  0x00000000284cd800 JavaThread "Service Thread" daemon [_thread_blocked, id=24404, stack(0x0000000028f00000,0x0000000029000000)]
  0x0000000028447800 JavaThread "C1 CompilerThread3" daemon [_thread_blocked, id=24564, stack(0x0000000028e00000,0x0000000028f00000)]
  0x0000000028444800 JavaThread "C2 CompilerThread2" daemon [_thread_blocked, id=23216, stack(0x0000000028d00000,0x0000000028e00000)]
  0x000000002843d800 JavaThread "C2 CompilerThread1" daemon [_thread_blocked, id=15556, stack(0x0000000028c00000,0x0000000028d00000)]
=>0x000000002843a000 JavaThread "C2 CompilerThread0" daemon [_thread_in_native, id=22240, stack(0x0000000028b00000,0x0000000028c00000)]
  0x00000000283e0800 JavaThread "Attach Listener" daemon [_thread_blocked, id=24092, stack(0x0000000028a00000,0x0000000028b00000)]
  0x00000000283df800 JavaThread "Signal Dispatcher" daemon [_thread_blocked, id=9972, stack(0x0000000028900000,0x0000000028a00000)]
  0x00000000283c0800 JavaThread "Finalizer" daemon [_thread_blocked, id=21836, stack(0x00000000287a0000,0x00000000288a0000)]
  0x00000000264cd800 JavaThread "Reference Handler" daemon [_thread_blocked, id=12216, stack(0x00000000282a0000,0x00000000283a0000)]
  0x00000000032c8000 JavaThread "main" [_thread_blocked, id=22112, stack(0x0000000003160000,0x0000000003260000)]

Other Threads:
  0x00000000033be800 VMThread [stack: 0x00000000281a0000,0x00000000282a0000] [id=20388]
  0x00000000285be800 WatcherThread [stack: 0x0000000029000000,0x0000000029100000] [id=14940]

VM state:not at safepoint (normal execution)

VM Mutex/Monitor currently owned by a thread: None

Heap:
 PSYoungGen      total 1299456K, used 1001556K [0x0000000715580000, 0x0000000779400000, 0x00000007c0000000)
  eden space 1234432K, 77% used [0x0000000715580000,0x000000074ff453b0,0x0000000760b00000)
  from space 65024K, 63% used [0x0000000760b00000,0x0000000763350040,0x0000000764a80000)
  to   space 99328K, 0% used [0x0000000773300000,0x0000000773300000,0x0000000779400000)
 ParOldGen       total 1118720K, used 210780K [0x00000005c0000000, 0x0000000604480000, 0x0000000715580000)
  object space 1118720K, 18% used [0x00000005c0000000,0x00000005ccdd7368,0x0000000604480000)
 Metaspace       used 64343K, capacity 65058K, committed 65280K, reserved 1105920K
  class space    used 9486K, capacity 9636K, committed 9728K, reserved 1048576K

Card table byte_map: [0x0000000012780000,0x0000000013790000] byte_map_base: 0x000000000f980000

Marking Bits: (ParMarkBitMap*) 0x0000000069130860
 Begin Bits: [0x0000000014a40000, 0x000000001ca40000)
 End Bits:   [0x000000001ca40000, 0x0000000024a40000)

Polling page: 0x00000000010b0000

CodeCache: size=245760Kb used=17018Kb max_used=17028Kb free=228741Kb
 bounds [0x00000000033c0000, 0x0000000004480000, 0x00000000123c0000]
 total_blobs=6392 nmethods=5814 adapters=487
 compilation: enabled

Compilation events (10 events):
Event: 28.948 Thread 0x0000000028447800 nmethod 6789 0x0000000004469a50 code [0x0000000004469ba0, 0x0000000004469cb0]
Event: 28.948 Thread 0x0000000028447800 6796       1       scala.Tuple2$mcII$sp::_2$mcI$sp (5 bytes)
Event: 28.948 Thread 0x0000000028447800 nmethod 6796 0x0000000004477910 code [0x0000000004477a60, 0x0000000004477b70]
Event: 28.948 Thread 0x0000000028447800 6803       1       org.apache.spark.shuffle.sort.SortShuffleWriter::dep (5 bytes)
Event: 28.948 Thread 0x000000002843d800 nmethod 6799 0x0000000004477bd0 code [0x0000000004477d60, 0x0000000004478178]
Event: 28.948 Thread 0x0000000028447800 nmethod 6803 0x0000000004477650 code [0x00000000044777a0, 0x00000000044778b0]
Event: 28.948 Thread 0x0000000028447800 6794       1       org.apache.spark.rpc.netty.Dispatcher::org$apache$spark$rpc$netty$Dispatcher$$receivers (5 bytes)
Event: 28.948 Thread 0x0000000028447800 nmethod 6794 0x0000000004477390 code [0x00000000044774e0, 0x00000000044775f0]
Event: 28.948 Thread 0x0000000028447800 6801       1       java.util.ServiceLoader::access$500 (5 bytes)
Event: 28.949 Thread 0x0000000028447800 nmethod 6801 0x00000000044770d0 code [0x0000000004477220, 0x0000000004477310]

GC Heap History (10 events):
Event: 22.356 GC heap before
{Heap before GC invocations=22 (full 3):
 PSYoungGen      total 1266688K, used 1250144K [0x0000000715580000, 0x0000000768a00000, 0x00000007c0000000)
  eden space 1234432K, 100% used [0x0000000715580000,0x0000000760b00000,0x0000000760b00000)
  from space 32256K, 48% used [0x0000000766a80000,0x00000007679d8040,0x0000000768a00000)
  to   space 65024K, 0% used [0x0000000760b00000,0x0000000760b00000,0x0000000764a80000)
 ParOldGen       total 1118720K, used 210628K [0x00000005c0000000, 0x0000000604480000, 0x0000000715580000)
  object space 1118720K, 18% used [0x00000005c0000000,0x00000005ccdb1368,0x0000000604480000)
 Metaspace       used 64254K, capacity 64980K, committed 65280K, reserved 1105920K
  class space    used 9479K, capacity 9623K, committed 9728K, reserved 1048576K
Event: 22.411 GC heap after
Heap after GC invocations=22 (full 3):
 PSYoungGen      total 1299456K, used 1760K [0x0000000715580000, 0x0000000779400000, 0x00000007c0000000)
  eden space 1234432K, 0% used [0x0000000715580000,0x0000000715580000,0x0000000760b00000)
  from space 65024K, 2% used [0x0000000760b00000,0x0000000760cb8040,0x0000000764a80000)
  to   space 99328K, 0% used [0x0000000773300000,0x0000000773300000,0x0000000779400000)
 ParOldGen       total 1118720K, used 210628K [0x00000005c0000000, 0x0000000604480000, 0x0000000715580000)
  object space 1118720K, 18% used [0x00000005c0000000,0x00000005ccdb1368,0x0000000604480000)
 Metaspace       used 64254K, capacity 64980K, committed 65280K, reserved 1105920K
  class space    used 9479K, capacity 9623K, committed 9728K, reserved 1048576K
}
Event: 23.217 GC heap before
{Heap before GC invocations=23 (full 3):
 PSYoungGen      total 1299456K, used 1236192K [0x0000000715580000, 0x0000000779400000, 0x00000007c0000000)
  eden space 1234432K, 100% used [0x0000000715580000,0x0000000760b00000,0x0000000760b00000)
  from space 65024K, 2% used [0x0000000760b00000,0x0000000760cb8040,0x0000000764a80000)
  to   space 99328K, 0% used [0x0000000773300000,0x0000000773300000,0x0000000779400000)
 ParOldGen       total 1118720K, used 210628K [0x00000005c0000000, 0x0000000604480000, 0x0000000715580000)
  object space 1118720K, 18% used [0x00000005c0000000,0x00000005ccdb1368,0x0000000604480000)
 Metaspace       used 64255K, capacity 64980K, committed 65280K, reserved 1105920K
  class space    used 9479K, capacity 9623K, committed 9728K, reserved 1048576K
Event: 23.265 GC heap after
Heap after GC invocations=23 (full 3):
 PSYoungGen      total 1333760K, used 75424K [0x0000000715580000, 0x0000000779400000, 0x00000007c0000000)
  eden space 1234432K, 0% used [0x0000000715580000,0x0000000715580000,0x0000000760b00000)
  from space 99328K, 75% used [0x0000000773300000,0x0000000777ca8040,0x0000000779400000)
  to   space 65024K, 0% used [0x0000000760b00000,0x0000000760b00000,0x0000000764a80000)
 ParOldGen       total 1118720K, used 210628K [0x00000005c0000000, 0x0000000604480000, 0x0000000715580000)
  object space 1118720K, 18% used [0x00000005c0000000,0x00000005ccdb1368,0x0000000604480000)
 Metaspace       used 64255K, capacity 64980K, committed 65280K, reserved 1105920K
  class space    used 9479K, capacity 9623K, committed 9728K, reserved 1048576K
}
Event: 24.699 GC heap before
{Heap before GC invocations=24 (full 3):
 PSYoungGen      total 1333760K, used 1309856K [0x0000000715580000, 0x0000000779400000, 0x00000007c0000000)
  eden space 1234432K, 100% used [0x0000000715580000,0x0000000760b00000,0x0000000760b00000)
  from space 99328K, 75% used [0x0000000773300000,0x0000000777ca8040,0x0000000779400000)
  to   space 65024K, 0% used [0x0000000760b00000,0x0000000760b00000,0x0000000764a80000)
 ParOldGen       total 1118720K, used 210628K [0x00000005c0000000, 0x0000000604480000, 0x0000000715580000)
  object space 1118720K, 18% used [0x00000005c0000000,0x00000005ccdb1368,0x0000000604480000)
 Metaspace       used 64272K, capacity 64980K, committed 65280K, reserved 1105920K
  class space    used 9479K, capacity 9623K, committed 9728K, reserved 1048576K
Event: 24.737 GC heap after
Heap after GC invocations=24 (full 3):
 PSYoungGen      total 1299456K, used 64992K [0x0000000715580000, 0x0000000779400000, 0x00000007c0000000)
  eden space 1234432K, 0% used [0x0000000715580000,0x0000000715580000,0x0000000760b00000)
  from space 65024K, 99% used [0x0000000760b00000,0x0000000764a78040,0x0000000764a80000)
  to   space 99328K, 0% used [0x0000000773300000,0x0000000773300000,0x0000000779400000)
 ParOldGen       total 1118720K, used 210708K [0x00000005c0000000, 0x0000000604480000, 0x0000000715580000)
  object space 1118720K, 18% used [0x00000005c0000000,0x00000005ccdc5368,0x0000000604480000)
 Metaspace       used 64272K, capacity 64980K, committed 65280K, reserved 1105920K
  class space    used 9479K, capacity 9623K, committed 9728K, reserved 1048576K
}
Event: 26.236 GC heap before
{Heap before GC invocations=25 (full 3):
 PSYoungGen      total 1299456K, used 1299424K [0x0000000715580000, 0x0000000779400000, 0x00000007c0000000)
  eden space 1234432K, 100% used [0x0000000715580000,0x0000000760b00000,0x0000000760b00000)
  from space 65024K, 99% used [0x0000000760b00000,0x0000000764a78040,0x0000000764a80000)
  to   space 99328K, 0% used [0x0000000773300000,0x0000000773300000,0x0000000779400000)
 ParOldGen       total 1118720K, used 210708K [0x00000005c0000000, 0x0000000604480000, 0x0000000715580000)
  object space 1118720K, 18% used [0x00000005c0000000,0x00000005ccdc5368,0x0000000604480000)
 Metaspace       used 64298K, capacity 65010K, committed 65280K, reserved 1105920K
  class space    used 9482K, capacity 9628K, committed 9728K, reserved 1048576K
Event: 26.267 GC heap after
Heap after GC invocations=25 (full 3):
 PSYoungGen      total 1333760K, used 52544K [0x0000000715580000, 0x0000000779400000, 0x00000007c0000000)
  eden space 1234432K, 0% used [0x0000000715580000,0x0000000715580000,0x0000000760b00000)
  from space 99328K, 52% used [0x0000000773300000,0x0000000776650040,0x0000000779400000)
  to   space 65024K, 0% used [0x0000000760b00000,0x0000000760b00000,0x0000000764a80000)
 ParOldGen       total 1118720K, used 210748K [0x00000005c0000000, 0x0000000604480000, 0x0000000715580000)
  object space 1118720K, 18% used [0x00000005c0000000,0x00000005ccdcf368,0x0000000604480000)
 Metaspace       used 64298K, capacity 65010K, committed 65280K, reserved 1105920K
  class space    used 9482K, capacity 9628K, committed 9728K, reserved 1048576K
}
Event: 27.773 GC heap before
{Heap before GC invocations=26 (full 3):
 PSYoungGen      total 1333760K, used 1286976K [0x0000000715580000, 0x0000000779400000, 0x00000007c0000000)
  eden space 1234432K, 100% used [0x0000000715580000,0x0000000760b00000,0x0000000760b00000)
  from space 99328K, 52% used [0x0000000773300000,0x0000000776650040,0x0000000779400000)
  to   space 65024K, 0% used [0x0000000760b00000,0x0000000760b00000,0x0000000764a80000)
 ParOldGen       total 1118720K, used 210748K [0x00000005c0000000, 0x0000000604480000, 0x0000000715580000)
  object space 1118720K, 18% used [0x00000005c0000000,0x00000005ccdcf368,0x0000000604480000)
 Metaspace       used 64309K, capacity 65010K, committed 65280K, reserved 1105920K
  class space    used 9482K, capacity 9628K, committed 9728K, reserved 1048576K
Event: 27.799 GC heap after
Heap after GC invocations=26 (full 3):
 PSYoungGen      total 1299456K, used 41280K [0x0000000715580000, 0x0000000779400000, 0x00000007c0000000)
  eden space 1234432K, 0% used [0x0000000715580000,0x0000000715580000,0x0000000760b00000)
  from space 65024K, 63% used [0x0000000760b00000,0x0000000763350040,0x0000000764a80000)
  to   space 99328K, 0% used [0x0000000773300000,0x0000000773300000,0x0000000779400000)
 ParOldGen       total 1118720K, used 210780K [0x00000005c0000000, 0x0000000604480000, 0x0000000715580000)
  object space 1118720K, 18% used [0x00000005c0000000,0x00000005ccdd7368,0x0000000604480000)
 Metaspace       used 64309K, capacity 65010K, committed 65280K, reserved 1105920K
  class space    used 9482K, capacity 9628K, committed 9728K, reserved 1048576K
}

Deoptimization events (10 events):
Event: 8.677 Thread 0x000000002af2a000 Uncommon trap: reason=null_check action=make_not_entrant pc=0x00000000040d6c60 method=org.apache.spark.sql.catalyst.trees.TreeNode$$anonfun$5.apply(Ljava/lang/Object;)Ljava/lang/Object; @ 3
Event: 9.079 Thread 0x000000002af2a000 Uncommon trap: reason=class_check action=maybe_recompile pc=0x0000000003c1ea00 method=java.io.ObjectOutputStream$BlockDataOutputStream.writeBlockHeader(I)V @ 66
Event: 9.086 Thread 0x000000002af2a000 Uncommon trap: reason=unstable_if action=reinterpret pc=0x00000000036db5fc method=org.apache.hadoop.util.LineReader.readDefaultLine(Lorg/apache/hadoop/io/Text;II)I @ 218
Event: 21.578 Thread 0x000000002af2a000 Uncommon trap: reason=unstable_if action=reinterpret pc=0x0000000003a31208 method=org.apache.spark.util.collection.TimSort$SortState.gallopRight(Ljava/lang/Object;Ljava/lang/Object;IIILjava/util/Comparator;)I @ 250
Event: 25.037 Thread 0x000000002af2a000 Uncommon trap: reason=unstable_if action=reinterpret pc=0x000000000363ccb0 method=org.apache.spark.util.collection.TimSort.countRunAndMakeAscending(Ljava/lang/Object;IILjava/util/Comparator;)I @ 27
Event: 25.037 Thread 0x000000002af2a000 Uncommon trap: reason=unstable_if action=reinterpret pc=0x0000000003c0e49c method=org.apache.spark.util.collection.TimSort$SortState.mergeHi(IIII)V @ 166
Event: 27.319 Thread 0x000000002af2a000 Uncommon trap: reason=array_check action=maybe_recompile pc=0x000000000444e83c method=java.util.Arrays.fill([Ljava/lang/Object;Ljava/lang/Object;)V @ 13
Event: 27.319 Thread 0x000000002af2a000 Uncommon trap: reason=array_check action=maybe_recompile pc=0x000000000444e83c method=java.util.Arrays.fill([Ljava/lang/Object;Ljava/lang/Object;)V @ 13
Event: 27.319 Thread 0x000000002af2a000 Uncommon trap: reason=array_check action=maybe_recompile pc=0x000000000444e83c method=java.util.Arrays.fill([Ljava/lang/Object;Ljava/lang/Object;)V @ 13
Event: 27.319 Thread 0x000000002af2a000 Uncommon trap: reason=array_check action=maybe_recompile pc=0x000000000444e83c method=java.util.Arrays.fill([Ljava/lang/Object;Ljava/lang/Object;)V @ 13

Classes redefined (0 events):
No events

Internal exceptions (10 events):
Event: 5.863 Thread 0x000000002a800000 Exception <a 'java/lang/NoSuchMethodError': <clinit>> (0x000000071a938918) thrown at [C:\re\workspace\8-2-build-windows-amd64-cygwin\jdk8u152\9742\hotspot\src\share\vm\prims\jni.cpp, line 1613]
Event: 5.892 Thread 0x000000002af2a000 Implicit null exception at 0x00000000041d1458 to 0x00000000041d467d
Event: 6.246 Thread 0x000000002af2a000 Exception <a 'java/lang/NoSuchMethodError': <clinit>> (0x0000000720a57358) thrown at [C:\re\workspace\8-2-build-windows-amd64-cygwin\jdk8u152\9742\hotspot\src\share\vm\prims\jni.cpp, line 1613]
Event: 6.250 Thread 0x000000002af2a000 Exception <a 'java/lang/NoSuchMethodError': <clinit>> (0x0000000720b00d80) thrown at [C:\re\workspace\8-2-build-windows-amd64-cygwin\jdk8u152\9742\hotspot\src\share\vm\prims\jni.cpp, line 1613]
Event: 6.338 Thread 0x000000002af1f800 Exception <a 'java/lang/NoSuchMethodError': <clinit>> (0x00000007229b0398) thrown at [C:\re\workspace\8-2-build-windows-amd64-cygwin\jdk8u152\9742\hotspot\src\share\vm\prims\jni.cpp, line 1613]
Event: 7.800 Thread 0x000000002af2a000 Exception <a 'java/lang/NoSuchMethodError': <clinit>> (0x0000000719dd0a98) thrown at [C:\re\workspace\8-2-build-windows-amd64-cygwin\jdk8u152\9742\hotspot\src\share\vm\prims\jni.cpp, line 1613]
Event: 7.801 Thread 0x000000002af2a000 Exception <a 'java/lang/NoSuchMethodError': <clinit>> (0x0000000719ddeda8) thrown at [C:\re\workspace\8-2-build-windows-amd64-cygwin\jdk8u152\9742\hotspot\src\share\vm\prims\jni.cpp, line 1613]
Event: 8.543 Thread 0x000000002af2a000 Implicit null exception at 0x0000000003c301ac to 0x0000000003c30601
Event: 8.548 Thread 0x000000002a3ee800 Exception <a 'java/lang/NoSuchMethodError': <clinit>> (0x000000071ed808d0) thrown at [C:\re\workspace\8-2-build-windows-amd64-cygwin\jdk8u152\9742\hotspot\src\share\vm\prims\jni.cpp, line 1613]
Event: 8.677 Thread 0x000000002af2a000 Implicit null exception at 0x00000000040d6713 to 0x00000000040d6c51

Events (10 events):
Event: 27.319 Thread 0x000000002af2a000 DEOPT PACKING pc=0x000000000444e83c sp=0x000000003517ee00
Event: 27.319 Thread 0x000000002af2a000 DEOPT UNPACKING pc=0x000000000340582a sp=0x000000003517edc8 mode 2
Event: 27.319 Thread 0x000000002af2a000 Uncommon trap: trap_request=0xffffffd6 fr.pc=0x000000000444e83c
Event: 27.319 Thread 0x000000002af2a000 DEOPT PACKING pc=0x000000000444e83c sp=0x000000003517ee00
Event: 27.319 Thread 0x000000002af2a000 DEOPT UNPACKING pc=0x000000000340582a sp=0x000000003517edc8 mode 2
Event: 27.319 Thread 0x000000002af2a000 Uncommon trap: trap_request=0xffffffd6 fr.pc=0x000000000444e83c
Event: 27.320 Thread 0x000000002af2a000 DEOPT PACKING pc=0x000000000444e83c sp=0x000000003517ee00
Event: 27.320 Thread 0x000000002af2a000 DEOPT UNPACKING pc=0x000000000340582a sp=0x000000003517edc8 mode 2
Event: 27.773 Executing VM operation: ParallelGCFailedAllocation
Event: 27.799 Executing VM operation: ParallelGCFailedAllocation done


Dynamic libraries:
0x00007ff7ab680000 - 0x00007ff7ab6b7000 	C:\Program Files\Java\jdk1.8.0_152\bin\javaw.exe
0x00007ffcd1d50000 - 0x00007ffcd1f31000 	C:\WINDOWS\SYSTEM32\ntdll.dll
0x00007ffcd1c60000 - 0x00007ffcd1d12000 	C:\WINDOWS\System32\KERNEL32.DLL
0x00007ffccedb0000 - 0x00007ffccf023000 	C:\WINDOWS\System32\KERNELBASE.dll
0x00007ffcd1a20000 - 0x00007ffcd1ac1000 	C:\WINDOWS\System32\ADVAPI32.dll
0x00007ffccf2b0000 - 0x00007ffccf34e000 	C:\WINDOWS\System32\msvcrt.dll
0x00007ffccf6d0000 - 0x00007ffccf72b000 	C:\WINDOWS\System32\sechost.dll
0x00007ffcd1ad0000 - 0x00007ffcd1bf4000 	C:\WINDOWS\System32\RPCRT4.dll
0x00007ffcd1690000 - 0x00007ffcd1820000 	C:\WINDOWS\System32\USER32.dll
0x00007ffcced90000 - 0x00007ffccedb0000 	C:\WINDOWS\System32\win32u.dll
0x00007ffccf280000 - 0x00007ffccf2a8000 	C:\WINDOWS\System32\GDI32.dll
0x00007ffcce120000 - 0x00007ffcce2b2000 	C:\WINDOWS\System32\gdi32full.dll
0x00007ffccea20000 - 0x00007ffcceabf000 	C:\WINDOWS\System32\msvcp_win.dll
0x00007ffccf030000 - 0x00007ffccf12a000 	C:\WINDOWS\System32\ucrtbase.dll
0x00007ffcc17d0000 - 0x00007ffcc1a39000 	C:\WINDOWS\WinSxS\amd64_microsoft.windows.common-controls_6595b64144ccf1df_6.0.17134.81_none_b4b229fe3cb4cfa3\COMCTL32.dll
0x00007ffcd1350000 - 0x00007ffcd1673000 	C:\WINDOWS\System32\combase.dll
0x00007ffcceac0000 - 0x00007ffcceb3a000 	C:\WINDOWS\System32\bcryptPrimitives.dll
0x00007ffccf240000 - 0x00007ffccf26d000 	C:\WINDOWS\System32\IMM32.DLL
0x0000000069be0000 - 0x0000000069cb2000 	C:\Program Files\Java\jdk1.8.0_152\jre\bin\msvcr100.dll
0x0000000068910000 - 0x00000000691b0000 	C:\Program Files\Java\jdk1.8.0_152\jre\bin\server\jvm.dll
0x00007ffcd1680000 - 0x00007ffcd1688000 	C:\WINDOWS\System32\PSAPI.DLL
0x00007ffcc8750000 - 0x00007ffcc875a000 	C:\WINDOWS\SYSTEM32\VERSION.dll
0x00007ffcc9ec0000 - 0x00007ffcc9ee3000 	C:\WINDOWS\SYSTEM32\WINMM.dll
0x00007ffcbb4f0000 - 0x00007ffcbb4f9000 	C:\WINDOWS\SYSTEM32\WSOCK32.dll
0x00007ffcd1820000 - 0x00007ffcd188c000 	C:\WINDOWS\System32\WS2_32.dll
0x00007ffcc9e40000 - 0x00007ffcc9e6a000 	C:\WINDOWS\SYSTEM32\winmmbase.dll
0x00007ffcce9d0000 - 0x00007ffccea19000 	C:\WINDOWS\System32\cfgmgr32.dll
0x000000006a0d0000 - 0x000000006a0df000 	C:\Program Files\Java\jdk1.8.0_152\jre\bin\verify.dll
0x000000006a070000 - 0x000000006a099000 	C:\Program Files\Java\jdk1.8.0_152\jre\bin\java.dll
0x000000006a0b0000 - 0x000000006a0c6000 	C:\Program Files\Java\jdk1.8.0_152\jre\bin\zip.dll
0x00007ffccfd90000 - 0x00007ffcd11d0000 	C:\WINDOWS\System32\SHELL32.dll
0x00007ffcd12a0000 - 0x00007ffcd1349000 	C:\WINDOWS\System32\shcore.dll
0x00007ffcce2c0000 - 0x00007ffcce9cd000 	C:\WINDOWS\System32\windows.storage.dll
0x00007ffccf1e0000 - 0x00007ffccf231000 	C:\WINDOWS\System32\shlwapi.dll
0x00007ffcce100000 - 0x00007ffcce111000 	C:\WINDOWS\System32\kernel.appcore.dll
0x00007ffcce070000 - 0x00007ffcce08f000 	C:\WINDOWS\System32\profapi.dll
0x00007ffcce090000 - 0x00007ffcce0dc000 	C:\WINDOWS\System32\powrprof.dll
0x00007ffcce060000 - 0x00007ffcce06a000 	C:\WINDOWS\System32\FLTLIB.DLL
0x0000000069bc0000 - 0x0000000069bda000 	C:\Program Files\Java\jdk1.8.0_152\jre\bin\net.dll
0x00007ffccd8e0000 - 0x00007ffccd946000 	C:\WINDOWS\system32\mswsock.dll
0x0000000069bb0000 - 0x0000000069bbd000 	C:\Program Files\Java\jdk1.8.0_152\jre\bin\management.dll
0x0000000069ba0000 - 0x0000000069ba9000 	C:\Program Files\Java\jdk1.8.0_152\jre\bin\w2k_lsa_auth.dll
0x00007ffcbcd40000 - 0x00007ffcbcd4c000 	C:\WINDOWS\SYSTEM32\Secur32.dll
0x00007ffccdf90000 - 0x00007ffccdfc0000 	C:\WINDOWS\SYSTEM32\SSPICLI.DLL
0x00007ffcc9140000 - 0x00007ffcc915a000 	C:\Windows\System32\hadoop.dll
0x00007ffcbbd40000 - 0x00007ffcbbe2f000 	C:\WINDOWS\SYSTEM32\MSVCR120.dll
0x00007ffccd250000 - 0x00007ffccd29b000 	C:\WINDOWS\SYSTEM32\AUTHZ.dll
0x00007ffcbef60000 - 0x00007ffcbef77000 	C:\WINDOWS\SYSTEM32\NETAPI32.dll
0x00007ffcc8f80000 - 0x00007ffcc8f98000 	C:\WINDOWS\SYSTEM32\SAMCLI.DLL
0x00007ffccd760000 - 0x00007ffccd76e000 	C:\WINDOWS\SYSTEM32\NETUTILS.DLL
0x0000000069b90000 - 0x0000000069b98000 	C:\Program Files\Java\jdk1.8.0_152\jre\bin\jaas_nt.dll
0x00007ffcc2c80000 - 0x00007ffcc2c96000 	C:\WINDOWS\system32\napinsp.dll
0x00007ffcc2ef0000 - 0x00007ffcc2f0a000 	C:\WINDOWS\system32\pnrpnsp.dll
0x00007ffccb180000 - 0x00007ffccb199000 	C:\WINDOWS\system32\NLAapi.dll
0x00007ffccd6a0000 - 0x00007ffccd75e000 	C:\WINDOWS\SYSTEM32\DNSAPI.dll
0x00007ffccf270000 - 0x00007ffccf278000 	C:\WINDOWS\System32\NSI.dll
0x00007ffccd660000 - 0x00007ffccd698000 	C:\WINDOWS\SYSTEM32\IPHLPAPI.DLL
0x00007ffcc5640000 - 0x00007ffcc564e000 	C:\WINDOWS\System32\winrnr.dll
0x00007ffcc6800000 - 0x00007ffcc680a000 	C:\Windows\System32\rasadhlp.dll
0x00007ffcc6ef0000 - 0x00007ffcc6f62000 	C:\WINDOWS\System32\fwpuclnt.dll
0x00007ffccdbc0000 - 0x00007ffccdbe5000 	C:\WINDOWS\SYSTEM32\bcrypt.dll
0x0000000069b70000 - 0x0000000069b81000 	C:\Program Files\Java\jdk1.8.0_152\jre\bin\nio.dll
0x00007ffccda90000 - 0x00007ffccdaa7000 	C:\WINDOWS\SYSTEM32\CRYPTSP.dll
0x00007ffccd4c0000 - 0x00007ffccd4f3000 	C:\WINDOWS\system32\rsaenh.dll
0x00007ffccdf60000 - 0x00007ffccdf88000 	C:\WINDOWS\SYSTEM32\USERENV.dll
0x00007ffccdab0000 - 0x00007ffccdabb000 	C:\WINDOWS\SYSTEM32\CRYPTBASE.dll
0x00007ffcc84b0000 - 0x00007ffcc84c6000 	C:\WINDOWS\SYSTEM32\dhcpcsvc6.DLL
0x00007ffcc82d0000 - 0x00007ffcc82ea000 	C:\WINDOWS\SYSTEM32\dhcpcsvc.DLL
0x0000000066f40000 - 0x0000000066f6d000 	C:\Users\LSS\AppData\Local\Temp\liblz4-java1558509628361569801.so

VM Arguments:
jvm_args: -Xms1024m -Xmx8192m -ea -Dfile.encoding=UTF-8 
java_command: org.eclipse.jdt.internal.junit.runner.RemoteTestRunner -version 3 -port 58164 -testLoaderClass org.eclipse.jdt.internal.junit4.runner.JUnit4TestLoader -loaderpluginname org.eclipse.jdt.junit4.runtime -test TestData.ZzsfpTest2:test1
java_class_path (initial): C:\Program Files\Java\jdk1.8.0_152\jre\lib\resources.jar;C:\Program Files\Java\jdk1.8.0_152\jre\lib\rt.jar;C:\Program Files\Java\jdk1.8.0_152\jre\lib\jsse.jar;C:\Program Files\Java\jdk1.8.0_152\jre\lib\jce.jar;C:\Program Files\Java\jdk1.8.0_152\jre\lib\charsets.jar;C:\Program Files\Java\jdk1.8.0_152\jre\lib\jfr.jar;C:\Program Files\Java\jdk1.8.0_152\jre\lib\ext\access-bridge-64.jar;C:\Program Files\Java\jdk1.8.0_152\jre\lib\ext\cldrdata.jar;C:\Program Files\Java\jdk1.8.0_152\jre\lib\ext\dnsns.jar;C:\Program Files\Java\jdk1.8.0_152\jre\lib\ext\jaccess.jar;C:\Program Files\Java\jdk1.8.0_152\jre\lib\ext\jfxrt.jar;C:\Program Files\Java\jdk1.8.0_152\jre\lib\ext\localedata.jar;C:\Program Files\Java\jdk1.8.0_152\jre\lib\ext\nashorn.jar;C:\Program Files\Java\jdk1.8.0_152\jre\lib\ext\sunec.jar;C:\Program Files\Java\jdk1.8.0_152\jre\lib\ext\sunjce_provider.jar;C:\Program Files\Java\jdk1.8.0_152\jre\lib\ext\sunmscapi.jar;C:\Program Files\Java\jdk1.8.0_152\jre\lib\ext\sunpkcs11.jar;C:\Program Files\Java\jdk1.8.0_152\jre\lib\ext\zipfs.jar;F:\Eclipse\softbei\ZZSFP2\bin;F:\Eclipse\softbei\ZZSFP2\spark-lib\activation-1.1.1.jar;F:\Eclipse\softbei\ZZSFP2\spark-lib\antlr-2.7.7.jar;F:\Eclipse\softbei\ZZSFP2\spark-lib\antlr-runtime-3.4.jar;F:\Eclipse\softbei\ZZSFP2\spark-lib\antlr4-runtime-4.5.3.jar;F:\Eclipse\softbei\ZZSFP2\spark-lib\aopalliance-1.0.jar;F:\Eclipse\softbei\ZZSFP2\spark-lib\aopalliance-repackaged-2.4.0-b34.jar;F:\Eclipse\softbei\ZZSFP2\spark-lib\apache-log4j-extras-1.2.17.jar;F:\Eclipse\softbei\ZZSFP2\spark-lib\apacheds-i18n-2.0.0-M15.jar;F:\Eclipse\softbei\ZZSFP2\spark-lib\apacheds-kerberos-codec-2.0.0-M15.jar;F:\Eclipse\softbei\ZZSFP2\spark-lib\api-asn1-api-1.0.0-M20.jar;F:\Eclipse\softbei\ZZSFP2\spark-lib\api-util-1.0.0-M20.jar;F:\Eclipse\softbei\ZZSFP2\spark-lib\arpack_combined_all-0.1.jar;F:\Eclipse\softbei\ZZSFP2\spark-lib\avro-1.7.7.jar;F:\Eclipse\softbei\ZZSFP2\spark-lib\avro-ipc-1.7.7.jar;F:\Eclipse\softbei\ZZSFP2\spark-lib\avro-mapr
Launcher Type: SUN_STANDARD

Environment Variables:
JAVA_HOME=C:\Program Files\Java\jdk1.8.0_152
CLASSPATH=.;C:\Program Files\Java\jdk1.8.0_152\lib;C:\Program Files\Java\jdk1.8.0_152\lib\tools.jar
PATH=C:/Program Files/Java/jre1.8.0_152/bin/server;C:/Program Files/Java/jre1.8.0_152/bin;C:/Program Files/Java/jre1.8.0_152/lib/amd64;C:\ProgramData\Oracle\Java\javapath;C:\WINDOWS\system32;C:\WINDOWS;C:\WINDOWS\System32\Wbem;C:\WINDOWS\System32\WindowsPowerShell\v1.0\;C:\Program Files\Java\jdk1.8.0_152\bin;C:\Program Files\Java\jdk1.8.0_152\jre\bin;C:\Program Files\dotnet\;C:\Program Files\MySQL\MySQL Server 5.7\bin;D:\hadoop-2.7.1\bin;E:\Program Files (x86)\scala\bin;E:\Program Files\MATLAB\R2014a\runtime\win64;E:\Program Files\MATLAB\R2014a\bin;E:\Program Files\MATLAB\R2014a\polyspace\bin;D:\hadoop-2.7.1\bin;C:\Program Files (x86)\scala\bin;C:\WINDOWS\System32\OpenSSH\;C:\Program Files (x86)\Microsoft SQL Server\110\DTS\Binn\;C:\Program Files (x86)\Microsoft SQL Server\110\Tools\Binn\;C:\Program Files (x86)\Microsoft SQL Server\110\Tools\Binn\ManagementStudio\;C:\Program Files (x86)\Microsoft Visual Studio 10.0\Common7\IDE\PrivateAssemblies\;C:\Users\LSS\AppData\Local\Microsoft\WindowsApps;;D:\Program Files\eclipse;
USERNAME=LSS
OS=Windows_NT
PROCESSOR_IDENTIFIER=Intel64 Family 6 Model 158 Stepping 9, GenuineIntel



---------------  S Y S T E M  ---------------

OS: Windows 10.0 , 64 bit Build 17134 (10.0.17134.1)

CPU:total 8 (initial active 8) (4 cores per cpu, 2 threads per core) family 6 model 158 stepping 9, cmov, cx8, fxsr, mmx, sse, sse2, sse3, ssse3, sse4.1, sse4.2, popcnt, avx, avx2, aes, clmul, erms, 3dnowpref, lzcnt, ht, tsc, tscinvbit, bmi1, bmi2, adx

Memory: 4k page, physical 16659400k(839012k free), swap 32941404k(4256k free)

vm_info: Java HotSpot(TM) 64-Bit Server VM (25.152-b16) for windows-amd64 JRE (1.8.0_152-b16), built on Sep 14 2017 02:29:36 by "java_re" with MS VC++ 10.0 (VS2010)

time: Tue Jun 12 19:09:34 2018
elapsed time: 29 seconds (0d 0h 0m 29s)

